mode: set
cms-admin/utils/common.go:9.68,13.2 3 1
cms-admin/utils/common.go:14.61,17.2 2 1
cms-admin/utils/common.go:18.63,22.2 3 1
cms-admin/utils/common.go:24.72,28.2 3 1
cms-admin/utils/common.go:29.65,32.2 2 1
cms-admin/utils/common.go:33.61,37.2 3 1
cms-admin/utils/common.go:39.38,41.16 2 1
cms-admin/utils/common.go:41.16,44.3 2 1
cms-admin/utils/common.go:46.2,47.22 2 1
cms-admin/utils/validation.go:5.37,8.2 2 1
cms-admin/utils/validation.go:10.36,13.2 2 1
cms-admin/utils/validation.go:15.41,18.2 2 1
cms-admin/utils/validation.go:20.33,23.2 2 1
